0 info it worked if it ends with ok
1 verbose cli [ '/usr/local/bin/node',
1 verbose cli   '/usr/local/bin/npm',
1 verbose cli   'install',
1 verbose cli   '--save',
1 verbose cli   'src/module/main.js' ]
2 info using npm@3.10.10
3 info using node@v6.11.3
4 silly loadCurrentTree Starting
5 silly install loadCurrentTree
6 silly install readLocalPackageData
7 silly fetchPackageMetaData src/module/main.js
8 silly fetchOtherPackageData src/module/main.js
9 silly cache add args [ 'src/module/main.js', null ]
10 verbose cache add spec src/module/main.js
11 silly cache add parsed spec Result {
11 silly cache add   raw: 'src/module/main.js',
11 silly cache add   scope: null,
11 silly cache add   escapedName: null,
11 silly cache add   name: null,
11 silly cache add   rawSpec: 'src/module/main.js',
11 silly cache add   spec: '/Users/qinwenlan027/blog/blogXQ/src/module/main.js',
11 silly cache add   type: 'local' }
12 silly addLocalTarball shasum (computed) 1e6e385e9629720a49f0bc7306c376c12df9f7b8
13 verbose addTmpTarball /Users/qinwenlan027/blog/blogXQ/src/module/main.js not in flight; adding
14 verbose correctMkdir /Users/qinwenlan027/.npm correctMkdir not in flight; initializing
15 verbose addTmpTarball validating metadata from /Users/qinwenlan027/blog/blogXQ/src/module/main.js
16 verbose tar unpack /Users/qinwenlan027/blog/blogXQ/src/module/main.js
17 verbose tar unpacking to /var/folders/_7/0zcm65217wg8f7r9zv3f96dd8w3xkh/T/npm-8627-97e9d08d/unpack-f7f2c008
18 silly gentlyRm /var/folders/_7/0zcm65217wg8f7r9zv3f96dd8w3xkh/T/npm-8627-97e9d08d/unpack-f7f2c008 is being purged
19 verbose gentlyRm don't care about contents; nuking /var/folders/_7/0zcm65217wg8f7r9zv3f96dd8w3xkh/T/npm-8627-97e9d08d/unpack-f7f2c008
20 silly gunzTarPerm modes [ '755', '644' ]
21 error not a package /Users/qinwenlan027/blog/blogXQ/src/module/main.js
22 error addLocal Could not install /Users/qinwenlan027/blog/blogXQ/src/module/main.js
23 silly fetchPackageMetaData Error: ENOENT: no such file or directory, open '/var/folders/_7/0zcm65217wg8f7r9zv3f96dd8w3xkh/T/npm-8627-97e9d08d/unpack-f7f2c008/package.json'
23 silly fetchPackageMetaData     at Error (native)
23 silly fetchPackageMetaData  error for src/module/main.js { Error: ENOENT: no such file or directory, open '/var/folders/_7/0zcm65217wg8f7r9zv3f96dd8w3xkh/T/npm-8627-97e9d08d/unpack-f7f2c008/package.json'
23 silly fetchPackageMetaData     at Error (native)
23 silly fetchPackageMetaData   errno: -2,
23 silly fetchPackageMetaData   code: 'ENOENT',
23 silly fetchPackageMetaData   syscall: 'open',
23 silly fetchPackageMetaData   path: '/var/folders/_7/0zcm65217wg8f7r9zv3f96dd8w3xkh/T/npm-8627-97e9d08d/unpack-f7f2c008/package.json' }
24 silly rollbackFailedOptional Starting
25 silly rollbackFailedOptional Finishing
26 silly runTopLevelLifecycles Finishing
27 silly install printInstalled
28 verbose stack Error: ENOENT: no such file or directory, open '/var/folders/_7/0zcm65217wg8f7r9zv3f96dd8w3xkh/T/npm-8627-97e9d08d/unpack-f7f2c008/package.json'
28 verbose stack     at Error (native)
29 verbose cwd /Users/qinwenlan027/blog/blogXQ
30 error Darwin 16.7.0
31 error argv "/usr/local/bin/node" "/usr/local/bin/npm" "install" "--save" "src/module/main.js"
32 error node v6.11.3
33 error npm  v3.10.10
34 error path /var/folders/_7/0zcm65217wg8f7r9zv3f96dd8w3xkh/T/npm-8627-97e9d08d/unpack-f7f2c008/package.json
35 error code ENOENT
36 error errno -2
37 error syscall open
38 error enoent ENOENT: no such file or directory, open '/var/folders/_7/0zcm65217wg8f7r9zv3f96dd8w3xkh/T/npm-8627-97e9d08d/unpack-f7f2c008/package.json'
39 error enoent ENOENT: no such file or directory, open '/var/folders/_7/0zcm65217wg8f7r9zv3f96dd8w3xkh/T/npm-8627-97e9d08d/unpack-f7f2c008/package.json'
39 error enoent This is most likely not a problem with npm itself
39 error enoent and is related to npm not being able to find a file.
40 verbose exit [ -2, true ]
